Copyright 1986-2018 Xilinx, Inc. All Rights Reserved.
------------------------------------------------------------------------------------
| Tool Version : Vivado v.2018.3 (lin64) Build 2405991 Thu Dec  6 23:36:41 MST 2018
| Date         : Wed Apr 24 11:11:37 2019
| Host         : pop-os running 64-bit Pop!_OS 17.10 (Artful Aardvark)
| Command      : upgrade_ip
| Device       : xc7a35tcpg236-1
------------------------------------------------------------------------------------

Upgrade Log for IP 'microblaze_rst_clk_wiz_0_100M_0'

1. Summary
----------

SUCCESS in the upgrade of microblaze_rst_clk_wiz_0_100M_0 (xilinx.com:ip:proc_sys_reset:5.0) from (Rev. 12) to (Rev. 13)






Copyright 1986-2018 Xilinx, Inc. All Rights Reserved.
------------------------------------------------------------------------------------
| Tool Version : Vivado v.2018.3 (lin64) Build 2405991 Thu Dec  6 23:36:41 MST 2018
| Date         : Wed Apr 24 11:11:37 2019
| Host         : pop-os running 64-bit Pop!_OS 17.10 (Artful Aardvark)
| Command      : upgrade_ip
| Device       : xc7a35tcpg236-1
------------------------------------------------------------------------------------

Upgrade Log for IP 'microblaze_microblaze_0_axi_periph_0'

1. Summary
----------

SUCCESS in the upgrade of microblaze_microblaze_0_axi_periph_0 (xilinx.com:ip:axi_interconnect:2.1) from (Rev. 16) to (Rev. 19)






Copyright 1986-2018 Xilinx, Inc. All Rights Reserved.
------------------------------------------------------------------------------------
| Tool Version : Vivado v.2018.3 (lin64) Build 2405991 Thu Dec  6 23:36:41 MST 2018
| Date         : Wed Apr 24 11:11:36 2019
| Host         : pop-os running 64-bit Pop!_OS 17.10 (Artful Aardvark)
| Command      : upgrade_ip
| Device       : xc7a35tcpg236-1
------------------------------------------------------------------------------------

Upgrade Log for IP 'microblaze_microblaze_0_0'

1. Summary
----------

SUCCESS in the upgrade of microblaze_microblaze_0_0 from xilinx.com:ip:microblaze:10.0 (Rev. 5) to xilinx.com:ip:microblaze:11.0

2. Upgrade messages
-------------------

Set parameter C_BASE_VECTORS to value 0x0000000000000000 (source 'default')






Copyright 1986-2018 Xilinx, Inc. All Rights Reserved.
------------------------------------------------------------------------------------
| Tool Version : Vivado v.2018.3 (lin64) Build 2405991 Thu Dec  6 23:36:41 MST 2018
| Date         : Wed Apr 24 11:11:36 2019
| Host         : pop-os running 64-bit Pop!_OS 17.10 (Artful Aardvark)
| Command      : upgrade_ip
| Device       : xc7a35tcpg236-1
------------------------------------------------------------------------------------

Upgrade Log for IP 'microblaze_mdm_1_0'

1. Summary
----------

SUCCESS in the upgrade of microblaze_mdm_1_0 (xilinx.com:ip:mdm:3.2) from (Rev. 12) to (Rev. 15)

2. Upgrade messages
-------------------

Set parameter C_M_AXIS_ID_WIDTH to value 7 (source 'default')






Copyright 1986-2018 Xilinx, Inc. All Rights Reserved.
------------------------------------------------------------------------------------
| Tool Version : Vivado v.2018.3 (lin64) Build 2405991 Thu Dec  6 23:36:41 MST 2018
| Date         : Wed Apr 24 11:11:36 2019
| Host         : pop-os running 64-bit Pop!_OS 17.10 (Artful Aardvark)
| Command      : upgrade_ip
| Device       : xc7a35tcpg236-1
------------------------------------------------------------------------------------

Upgrade Log for IP 'microblaze_lmb_bram_0'

1. Summary
----------

SUCCESS in the upgrade of microblaze_lmb_bram_0 (xilinx.com:ip:blk_mem_gen:8.4) from (Rev. 1) to (Rev. 2)






Copyright 1986-2018 Xilinx, Inc. All Rights Reserved.
------------------------------------------------------------------------------------
| Tool Version : Vivado v.2018.3 (lin64) Build 2405991 Thu Dec  6 23:36:41 MST 2018
| Date         : Wed Apr 24 11:11:36 2019
| Host         : pop-os running 64-bit Pop!_OS 17.10 (Artful Aardvark)
| Command      : upgrade_ip
| Device       : xc7a35tcpg236-1
------------------------------------------------------------------------------------

Upgrade Log for IP 'microblaze_ilmb_bram_if_cntlr_0'

1. Summary
----------

SUCCESS in the upgrade of microblaze_ilmb_bram_if_cntlr_0 (xilinx.com:ip:lmb_bram_if_cntlr:4.0) from (Rev. 14) to (Rev. 15)

2. Upgrade messages
-------------------

Set parameter C_MASK1 to value 0x0000000000800000 (source 'default')
Set parameter C_MASK2 to value 0x0000000000800000 (source 'default')
Set parameter C_MASK3 to value 0x0000000000800000 (source 'default')






Copyright 1986-2018 Xilinx, Inc. All Rights Reserved.
------------------------------------------------------------------------------------
| Tool Version : Vivado v.2018.3 (lin64) Build 2405991 Thu Dec  6 23:36:41 MST 2018
| Date         : Wed Apr 24 11:11:36 2019
| Host         : pop-os running 64-bit Pop!_OS 17.10 (Artful Aardvark)
| Command      : upgrade_ip
| Device       : xc7a35tcpg236-1
------------------------------------------------------------------------------------

Upgrade Log for IP 'microblaze_dlmb_bram_if_cntlr_0'

1. Summary
----------

SUCCESS in the upgrade of microblaze_dlmb_bram_if_cntlr_0 (xilinx.com:ip:lmb_bram_if_cntlr:4.0) from (Rev. 14) to (Rev. 15)

2. Upgrade messages
-------------------

Set parameter C_MASK1 to value 0x0000000000800000 (source 'default')
Set parameter C_MASK2 to value 0x0000000000800000 (source 'default')
Set parameter C_MASK3 to value 0x0000000000800000 (source 'default')






Copyright 1986-2018 Xilinx, Inc. All Rights Reserved.
------------------------------------------------------------------------------------
| Tool Version : Vivado v.2018.3 (lin64) Build 2405991 Thu Dec  6 23:36:41 MST 2018
| Date         : Wed Apr 24 11:11:36 2019
| Host         : pop-os running 64-bit Pop!_OS 17.10 (Artful Aardvark)
| Command      : upgrade_ip
| Device       : xc7a35tcpg236-1
------------------------------------------------------------------------------------

Upgrade Log for IP 'microblaze_clk_wiz_0_0'

1. Summary
----------

SUCCESS in the upgrade of microblaze_clk_wiz_0_0 from xilinx.com:ip:clk_wiz:5.4 (Rev. 3) to xilinx.com:ip:clk_wiz:6.0 (Rev. 2)






Copyright 1986-2018 Xilinx, Inc. All Rights Reserved.
------------------------------------------------------------------------------------
| Tool Version : Vivado v.2018.3 (lin64) Build 2405991 Thu Dec  6 23:36:41 MST 2018
| Date         : Wed Apr 24 11:11:36 2019
| Host         : pop-os running 64-bit Pop!_OS 17.10 (Artful Aardvark)
| Command      : upgrade_ip
| Device       : xc7a35tcpg236-1
------------------------------------------------------------------------------------

Upgrade Log for IP 'microblaze_axi_uartlite_0_0'

1. Summary
----------

SUCCESS in the upgrade of microblaze_axi_uartlite_0_0 (xilinx.com:ip:axi_uartlite:2.0) from (Rev. 19) to (Rev. 22)






Copyright 1986-2018 Xilinx, Inc. All Rights Reserved.
------------------------------------------------------------------------------------
| Tool Version : Vivado v.2018.3 (lin64) Build 2405991 Thu Dec  6 23:36:41 MST 2018
| Date         : Wed Apr 24 11:11:36 2019
| Host         : pop-os running 64-bit Pop!_OS 17.10 (Artful Aardvark)
| Command      : upgrade_ip
| Device       : xc7a35tcpg236-1
------------------------------------------------------------------------------------

Upgrade Log for IP 'microblaze_axi_gpio_0_1'

1. Summary
----------

SUCCESS in the upgrade of microblaze_axi_gpio_0_1 (xilinx.com:ip:axi_gpio:2.0) from (Rev. 17) to (Rev. 20)

